<?xml version="1.0" encoding="UTF-8" ?>
<testsuite errors="0" failures="0" hostname="Sydney-Kos-MacBook-Pro.local" name="com.flatironschool.javacs.MyHashMapTest" skipped="0" tests="11" time="0.11" timestamp="2016-06-05T22:49:22">
  <properties>
    <property name="java.vendor" value="Oracle Corporation" />
    <property name="sun.java.launcher" value="SUN_STANDARD" />
    <property name="env.XPC_SERVICE_NAME" value="0" />
    <property name="sun.management.compiler" value="HotSpot 64-Bit Tiered Compilers" />
    <property name="env._system_arch" value="x86_64" />
    <property name="env.GEM_HOME" value="/Users/tempacc/.rvm/gems/ruby-2.3.0" />
    <property name="os.name" value="Mac OS X" />
    <property name="sun.boot.class.path" value="/Library/Java/JavaVirtualMachines/jdk1.8.0_74.jdk/Contents/Home/jre/lib/resources.jar:/Library/Java/JavaVirtualMachines/jdk1.8.0_74.jdk/Contents/Home/jre/lib/rt.jar:/Library/Java/JavaVirtualMachines/jdk1.8.0_74.jdk/Contents/Home/jre/lib/sunrsasign.jar:/Library/Java/JavaVirtualMachines/jdk1.8.0_74.jdk/Contents/Home/jre/lib/jsse.jar:/Library/Java/JavaVirtualMachines/jdk1.8.0_74.jdk/Contents/Home/jre/lib/jce.jar:/Library/Java/JavaVirtualMachines/jdk1.8.0_74.jdk/Contents/Home/jre/lib/charsets.jar:/Library/Java/JavaVirtualMachines/jdk1.8.0_74.jdk/Contents/Home/jre/lib/jfr.jar:/Library/Java/JavaVirtualMachines/jdk1.8.0_74.jdk/Contents/Home/jre/classes" />
    <property name="env.TMPDIR" value="/var/folders/j9/2m6lfzw96vndjyvcq1p5mlf40000gp/T/" />
    <property name="env.PWD" value="/Users/tempacc/Desktop/Compsci/CodeU/lab8" />
    <property name="user.country.format" value="CA" />
    <property name="env.LANG" value="en_CA.UTF-8" />
    <property name="java.vm.specification.vendor" value="Oracle Corporation" />
    <property name="ant.home" value="/usr/local/Cellar/ant/1.9.6/libexec" />
    <property name="java.runtime.version" value="1.8.0_74-b02" />
    <property name="env.MY_RUBY_HOME" value="/Users/tempacc/.rvm/rubies/ruby-2.3.0" />
    <property name="env.Apple_PubSub_Socket_Render" value="/private/tmp/com.apple.launchd.sVkJuN3tLz/Render" />
    <property name="env.DISPLAY" value="/private/tmp/com.apple.launchd.VZulZQea3N/org.macosforge.xquartz:0" />
    <property name="env.rvm_version" value="1.26.11 (latest)" />
    <property name="user.name" value="tempacc" />
    <property name="env.USER" value="tempacc" />
    <property name="env.SHELL" value="/bin/bash" />
    <property name="env.__CF_USER_TEXT_ENCODING" value="0x1F6:0x0:0x0" />
    <property name="env._system_type" value="Darwin" />
    <property name="env.PATH" value="/Users/tempacc/.rvm/gems/ruby-2.3.0/bin:/Users/tempacc/.rvm/gems/ruby-2.3.0@global/bin:/Users/tempacc/.rvm/rubies/ruby-2.3.0/bin:/usr/local/bin:/usr/bin:/bin:/usr/sbin:/sbin:/opt/X11/bin:/Users/tempacc/.rvm/bin:/Applications/Muse:/Applications/Muse" />
    <property name="user.language" value="en" />
    <property name="env.rvm_prefix" value="/Users/tempacc" />
    <property name="sun.boot.library.path" value="/Library/Java/JavaVirtualMachines/jdk1.8.0_74.jdk/Contents/Home/jre/lib" />
    <property name="ant.project.default-target" value="build" />
    <property name="env.XPC_FLAGS" value="0x0" />
    <property name="ant.project.name" value="JavaCS" />
    <property name="env.rvm_path" value="/Users/tempacc/.rvm" />
    <property name="env.RUBY_VERSION" value="ruby-2.3.0" />
    <property name="java.version" value="1.8.0_74" />
    <property name="user.timezone" value="" />
    <property name="sun.arch.data.model" value="64" />
    <property name="env._system_name" value="OSX" />
    <property name="http.nonProxyHosts" value="local|*.local|169.254/16|*.169.254/16" />
    <property name="java.endorsed.dirs" value="/Library/Java/JavaVirtualMachines/jdk1.8.0_74.jdk/Contents/Home/jre/lib/endorsed" />
    <property name="sun.cpu.isalist" value="" />
    <property name="sun.jnu.encoding" value="UTF-8" />
    <property name="env.rvm_bin_path" value="/Users/tempacc/.rvm/bin" />
    <property name="file.encoding.pkg" value="sun.io" />
    <property name="env.SHLVL" value="3" />
    <property name="file.separator" value="/" />
    <property name="env._system_version" value="10.10" />
    <property name="java.specification.name" value="Java Platform API Specification" />
    <property name="java.class.version" value="52.0" />
    <property name="user.country" value="US" />
    <property name="ant.file.JavaCS" value="/Users/tempacc/Desktop/Compsci/CodeU/lab8/javacs-lab08/build.xml" />
    <property name="java.home" value="/Library/Java/JavaVirtualMachines/jdk1.8.0_74.jdk/Contents/Home/jre" />
    <property name="java.vm.info" value="mixed mode" />
    <property name="env.LOGNAME" value="tempacc" />
    <property name="ant.file" value="/Users/tempacc/Desktop/Compsci/CodeU/lab8/javacs-lab08/build.xml" />
    <property name="os.version" value="10.10.5" />
    <property name="env.TERM_PROGRAM_VERSION" value="343.7" />
    <property name="path.separator" value=":" />
    <property name="java.vm.version" value="25.74-b02" />
    <property name="ant.library.dir" value="/usr/local/Cellar/ant/1.9.6/libexec/lib" />
    <property name="junit.output.dir" value="junit" />
    <property name="env.IRBRC" value="/Users/tempacc/.rvm/rubies/ruby-2.3.0/.irbrc" />
    <property name="java.awt.printerjob" value="sun.lwawt.macosx.CPrinterJob" />
    <property name="env.TERM" value="xterm-256color" />
    <property name="sun.io.unicode.encoding" value="UnicodeBig" />
    <property name="awt.toolkit" value="sun.lwawt.macosx.LWCToolkit" />
    <property name="socksNonProxyHosts" value="local|*.local|169.254/16|*.169.254/16" />
    <property name="ftp.nonProxyHosts" value="local|*.local|169.254/16|*.169.254/16" />
    <property name="env.GEM_PATH" value="/Users/tempacc/.rvm/gems/ruby-2.3.0:/Users/tempacc/.rvm/gems/ruby-2.3.0@global" />
    <property name="user.home" value="/Users/tempacc" />
    <property name="target" value="1.7" />
    <property name="java.specification.vendor" value="Oracle Corporation" />
    <property name="env.TERM_PROGRAM" value="Apple_Terminal" />
    <property name="java.vendor.url" value="http://java.oracle.com/" />
    <property name="java.library.path" value="/Users/tempacc/Library/Java/Extensions:/Library/Java/Extensions:/Network/Library/Java/Extensions:/System/Library/Java/Extensions:/usr/lib/java:." />
    <property name="java.vm.vendor" value="Oracle Corporation" />
    <property name="gopherProxySet" value="false" />
    <property name="env.DYLD_FALLBACK_LIBRARY_PATH" value=":/Applications/Muse:/Applications/Muse" />
    <property name="java.runtime.name" value="Java(TM) SE Runtime Environment" />
    <property name="ant.version" value="Apache Ant(TM) version 1.9.6 compiled on June 29 2015" />
    <property name="java.class.path" value="/Users/tempacc/Desktop/Compsci/CodeU/lab8/javacs-lab08/bin:/Users/tempacc/Desktop/Compsci/CodeU/lab8/javacs-lab08/lib/junit-4.12.jar:/Users/tempacc/Desktop/Compsci/CodeU/lab8/javacs-lab08/lib/hamcrest-core-1.3.jar:/Users/tempacc/Desktop/Compsci/CodeU/lab8/javacs-lab08/lib/jcommon-1.0.23.jar:/Users/tempacc/Desktop/Compsci/CodeU/lab8/javacs-lab08/lib/jfreechart-1.0.19.jar:/Users/tempacc/Desktop/Compsci/CodeU/lab8/javacs-lab08/lib/servlet.jar:/Users/tempacc/Desktop/Compsci/CodeU/lab8/javacs-lab08/lib/commons-math3-3.6.jar:/usr/local/Cellar/ant/1.9.6/libexec/lib/ant-launcher.jar:/usr/local/Cellar/ant/1.9.6/libexec/lib/ant.jar:/usr/local/Cellar/ant/1.9.6/libexec/lib/ant-junit.jar:/usr/local/Cellar/ant/1.9.6/libexec/lib/ant-junit4.jar" />
    <property name="sun.java.command" value="org.apache.tools.ant.taskdefs.optional.junit.JUnitTestRunner com.flatironschool.javacs.MyHashMapTest skipNonTests=false filtertrace=true haltOnError=false haltOnFailure=false formatter=org.apache.tools.ant.taskdefs.optional.junit.OutErrSummaryJUnitResultFormatter showoutput=false outputtoformatters=true logfailedtests=true threadid=0 logtestlistenerevents=false formatter=org.apache.tools.ant.taskdefs.optional.junit.XMLJUnitResultFormatter,/Users/tempacc/Desktop/Compsci/CodeU/lab8/javacs-lab08/junit/TEST-com.flatironschool.javacs.MyHashMapTest.xml formatter=org.apache.tools.ant.taskdefs.optional.junit.PlainJUnitResultFormatter crashfile=/Users/tempacc/Desktop/Compsci/CodeU/lab8/javacs-lab08/junitvmwatcher5997390578927200527.properties propsfile=/Users/tempacc/Desktop/Compsci/CodeU/lab8/javacs-lab08/junit5055271457299713564.properties" />
    <property name="env.TERM_SESSION_ID" value="E60ACB00-446A-4A52-9E38-DE22D24396D6" />
    <property name="env.JAVA_MAIN_CLASS_12501" value="org.apache.tools.ant.launch.Launcher" />
    <property name="ant.file.type.JavaCS" value="file" />
    <property name="java.vm.specification.name" value="Java Virtual Machine Specification" />
    <property name="ant.file.type" value="file" />
    <property name="java.vm.specification.version" value="1.8" />
    <property name="sun.os.patch.level" value="unknown" />
    <property name="sun.cpu.endian" value="little" />
    <property name="env.HOME" value="/Users/tempacc" />
    <property name="debuglevel" value="source,lines,vars" />
    <property name="java.io.tmpdir" value="/var/folders/j9/2m6lfzw96vndjyvcq1p5mlf40000gp/T/" />
    <property name="java.vendor.url.bug" value="http://bugreport.sun.com/bugreport/" />
    <property name="env.SSH_AUTH_SOCK" value="/private/tmp/com.apple.launchd.XjZrwr3ToQ/Listeners" />
    <property name="os.arch" value="x86_64" />
    <property name="java.awt.graphicsenv" value="sun.awt.CGraphicsEnvironment" />
    <property name="java.ext.dirs" value="/Users/tempacc/Library/Java/Extensions:/Library/Java/JavaVirtualMachines/jdk1.8.0_74.jdk/Contents/Home/jre/lib/ext:/Library/Java/Extensions:/Network/Library/Java/Extensions:/System/Library/Java/Extensions:/usr/lib/java" />
    <property name="user.dir" value="/Users/tempacc/Desktop/Compsci/CodeU/lab8" />
    <property name="line.separator" value="&#xa;" />
    <property name="java.vm.name" value="Java HotSpot(TM) 64-Bit Server VM" />
    <property name="basedir" value="/Users/tempacc/Desktop/Compsci/CodeU/lab8/javacs-lab08" />
    <property name="ant.java.version" value="1.8" />
    <property name="ant.core.lib" value="/usr/local/Cellar/ant/1.9.6/libexec/lib/ant.jar" />
    <property name="source" value="1.7" />
    <property name="file.encoding" value="UTF-8" />
    <property name="java.specification.version" value="1.8" />
    <property name="ant.project.invoked-targets" value="test" />
  </properties>
  <testcase classname="com.flatironschool.javacs.MyHashMapTest" name="testGet" time="0.006" />
  <testcase classname="com.flatironschool.javacs.MyHashMapTest" name="testPut" time="0.002" />
  <testcase classname="com.flatironschool.javacs.MyHashMapTest" name="testClear" time="0.0" />
  <testcase classname="com.flatironschool.javacs.MyHashMapTest" name="testSize" time="0.001" />
  <testcase classname="com.flatironschool.javacs.MyHashMapTest" name="testContainsKey" time="0.001" />
  <testcase classname="com.flatironschool.javacs.MyHashMapTest" name="testContainsValue" time="0.001" />
  <testcase classname="com.flatironschool.javacs.MyHashMapTest" name="testKeySet" time="0.001" />
  <testcase classname="com.flatironschool.javacs.MyHashMapTest" name="testPutAll" time="0.001" />
  <testcase classname="com.flatironschool.javacs.MyHashMapTest" name="testIsEmpty" time="0.0" />
  <testcase classname="com.flatironschool.javacs.MyHashMapTest" name="testRemove" time="0.0" />
  <testcase classname="com.flatironschool.javacs.MyHashMapTest" name="testValues" time="0.001" />
  <system-out><![CDATA[Put One in [com.flatironschool.javacs.MyLinearMap@7637f22, com.flatironschool.javacs.MyLinearMap@4926097b] size now 2
Put Two in [com.flatironschool.javacs.MyLinearMap@7637f22, com.flatironschool.javacs.MyLinearMap@4926097b] size now 2
Put Three in [com.flatironschool.javacs.MyLinearMap@7637f22, com.flatironschool.javacs.MyLinearMap@4926097b] size now 2
Size of maps: 4
Size of Oldmaps: 2
Put One in [com.flatironschool.javacs.MyLinearMap@762efe5d, com.flatironschool.javacs.MyLinearMap@5d22bbb7, com.flatironschool.javacs.MyLinearMap@41a4555e, com.flatironschool.javacs.MyLinearMap@3830f1c0] size now 4
Put Two in [com.flatironschool.javacs.MyLinearMap@762efe5d, com.flatironschool.javacs.MyLinearMap@5d22bbb7, com.flatironschool.javacs.MyLinearMap@41a4555e, com.flatironschool.javacs.MyLinearMap@3830f1c0] size now 4
Put Three in [com.flatironschool.javacs.MyLinearMap@762efe5d, com.flatironschool.javacs.MyLinearMap@5d22bbb7, com.flatironschool.javacs.MyLinearMap@41a4555e, com.flatironschool.javacs.MyLinearMap@3830f1c0] size now 4
Put null in [com.flatironschool.javacs.MyLinearMap@762efe5d, com.flatironschool.javacs.MyLinearMap@5d22bbb7, com.flatironschool.javacs.MyLinearMap@41a4555e, com.flatironschool.javacs.MyLinearMap@3830f1c0] size now 4
Put One in [com.flatironschool.javacs.MyLinearMap@5fdef03a, com.flatironschool.javacs.MyLinearMap@3b22cdd0] size now 2
Put Two in [com.flatironschool.javacs.MyLinearMap@5fdef03a, com.flatironschool.javacs.MyLinearMap@3b22cdd0] size now 2
Put Three in [com.flatironschool.javacs.MyLinearMap@5fdef03a, com.flatironschool.javacs.MyLinearMap@3b22cdd0] size now 2
Size of maps: 4
Size of Oldmaps: 2
Put One in [com.flatironschool.javacs.MyLinearMap@1e81f4dc, com.flatironschool.javacs.MyLinearMap@4d591d15, com.flatironschool.javacs.MyLinearMap@65ae6ba4, com.flatironschool.javacs.MyLinearMap@48cf768c] size now 4
Put Two in [com.flatironschool.javacs.MyLinearMap@1e81f4dc, com.flatironschool.javacs.MyLinearMap@4d591d15, com.flatironschool.javacs.MyLinearMap@65ae6ba4, com.flatironschool.javacs.MyLinearMap@48cf768c] size now 4
Put Three in [com.flatironschool.javacs.MyLinearMap@1e81f4dc, com.flatironschool.javacs.MyLinearMap@4d591d15, com.flatironschool.javacs.MyLinearMap@65ae6ba4, com.flatironschool.javacs.MyLinearMap@48cf768c] size now 4
Put null in [com.flatironschool.javacs.MyLinearMap@1e81f4dc, com.flatironschool.javacs.MyLinearMap@4d591d15, com.flatironschool.javacs.MyLinearMap@65ae6ba4, com.flatironschool.javacs.MyLinearMap@48cf768c] size now 4
Put One in [com.flatironschool.javacs.MyLinearMap@1e81f4dc, com.flatironschool.javacs.MyLinearMap@4d591d15, com.flatironschool.javacs.MyLinearMap@65ae6ba4, com.flatironschool.javacs.MyLinearMap@48cf768c] size now 4
Put Five in [com.flatironschool.javacs.MyLinearMap@1e81f4dc, com.flatironschool.javacs.MyLinearMap@4d591d15, com.flatironschool.javacs.MyLinearMap@65ae6ba4, com.flatironschool.javacs.MyLinearMap@48cf768c] size now 4
Size of maps: 8
Size of Oldmaps: 4
Put Two in [com.flatironschool.javacs.MyLinearMap@59f95c5d, com.flatironschool.javacs.MyLinearMap@5ccd43c2, com.flatironschool.javacs.MyLinearMap@4aa8f0b4, com.flatironschool.javacs.MyLinearMap@7960847b, com.flatironschool.javacs.MyLinearMap@6a6824be, com.flatironschool.javacs.MyLinearMap@5c8da962, com.flatironschool.javacs.MyLinearMap@512ddf17, com.flatironschool.javacs.MyLinearMap@2c13da15] size now 8
Put null in [com.flatironschool.javacs.MyLinearMap@59f95c5d, com.flatironschool.javacs.MyLinearMap@5ccd43c2, com.flatironschool.javacs.MyLinearMap@4aa8f0b4, com.flatironschool.javacs.MyLinearMap@7960847b, com.flatironschool.javacs.MyLinearMap@6a6824be, com.flatironschool.javacs.MyLinearMap@5c8da962, com.flatironschool.javacs.MyLinearMap@512ddf17, com.flatironschool.javacs.MyLinearMap@2c13da15] size now 8
Put One in [com.flatironschool.javacs.MyLinearMap@59f95c5d, com.flatironschool.javacs.MyLinearMap@5ccd43c2, com.flatironschool.javacs.MyLinearMap@4aa8f0b4, com.flatironschool.javacs.MyLinearMap@7960847b, com.flatironschool.javacs.MyLinearMap@6a6824be, com.flatironschool.javacs.MyLinearMap@5c8da962, com.flatironschool.javacs.MyLinearMap@512ddf17, com.flatironschool.javacs.MyLinearMap@2c13da15] size now 8
Put Three in [com.flatironschool.javacs.MyLinearMap@59f95c5d, com.flatironschool.javacs.MyLinearMap@5ccd43c2, com.flatironschool.javacs.MyLinearMap@4aa8f0b4, com.flatironschool.javacs.MyLinearMap@7960847b, com.flatironschool.javacs.MyLinearMap@6a6824be, com.flatironschool.javacs.MyLinearMap@5c8da962, com.flatironschool.javacs.MyLinearMap@512ddf17, com.flatironschool.javacs.MyLinearMap@2c13da15] size now 8
Put Five in [com.flatironschool.javacs.MyLinearMap@59f95c5d, com.flatironschool.javacs.MyLinearMap@5ccd43c2, com.flatironschool.javacs.MyLinearMap@4aa8f0b4, com.flatironschool.javacs.MyLinearMap@7960847b, com.flatironschool.javacs.MyLinearMap@6a6824be, com.flatironschool.javacs.MyLinearMap@5c8da962, com.flatironschool.javacs.MyLinearMap@512ddf17, com.flatironschool.javacs.MyLinearMap@2c13da15] size now 8
Put One in [com.flatironschool.javacs.MyLinearMap@368239c8, com.flatironschool.javacs.MyLinearMap@9e89d68] size now 2
Put Two in [com.flatironschool.javacs.MyLinearMap@368239c8, com.flatironschool.javacs.MyLinearMap@9e89d68] size now 2
Put Three in [com.flatironschool.javacs.MyLinearMap@368239c8, com.flatironschool.javacs.MyLinearMap@9e89d68] size now 2
Size of maps: 4
Size of Oldmaps: 2
Put One in [com.flatironschool.javacs.MyLinearMap@3b192d32, com.flatironschool.javacs.MyLinearMap@16f65612, com.flatironschool.javacs.MyLinearMap@311d617d, com.flatironschool.javacs.MyLinearMap@7c53a9eb] size now 4
Put Two in [com.flatironschool.javacs.MyLinearMap@3b192d32, com.flatironschool.javacs.MyLinearMap@16f65612, com.flatironschool.javacs.MyLinearMap@311d617d, com.flatironschool.javacs.MyLinearMap@7c53a9eb] size now 4
Put Three in [com.flatironschool.javacs.MyLinearMap@3b192d32, com.flatironschool.javacs.MyLinearMap@16f65612, com.flatironschool.javacs.MyLinearMap@311d617d, com.flatironschool.javacs.MyLinearMap@7c53a9eb] size now 4
Put null in [com.flatironschool.javacs.MyLinearMap@3b192d32, com.flatironschool.javacs.MyLinearMap@16f65612, com.flatironschool.javacs.MyLinearMap@311d617d, com.flatironschool.javacs.MyLinearMap@7c53a9eb] size now 4
Put One in [com.flatironschool.javacs.MyLinearMap@2a33fae0, com.flatironschool.javacs.MyLinearMap@707f7052] size now 2
Put Two in [com.flatironschool.javacs.MyLinearMap@2a33fae0, com.flatironschool.javacs.MyLinearMap@707f7052] size now 2
Put Three in [com.flatironschool.javacs.MyLinearMap@2a33fae0, com.flatironschool.javacs.MyLinearMap@707f7052] size now 2
Size of maps: 4
Size of Oldmaps: 2
Put One in [com.flatironschool.javacs.MyLinearMap@11028347, com.flatironschool.javacs.MyLinearMap@14899482, com.flatironschool.javacs.MyLinearMap@21588809, com.flatironschool.javacs.MyLinearMap@2aae9190] size now 4
Put Two in [com.flatironschool.javacs.MyLinearMap@11028347, com.flatironschool.javacs.MyLinearMap@14899482, com.flatironschool.javacs.MyLinearMap@21588809, com.flatironschool.javacs.MyLinearMap@2aae9190] size now 4
Put Three in [com.flatironschool.javacs.MyLinearMap@11028347, com.flatironschool.javacs.MyLinearMap@14899482, com.flatironschool.javacs.MyLinearMap@21588809, com.flatironschool.javacs.MyLinearMap@2aae9190] size now 4
Put null in [com.flatironschool.javacs.MyLinearMap@11028347, com.flatironschool.javacs.MyLinearMap@14899482, com.flatironschool.javacs.MyLinearMap@21588809, com.flatironschool.javacs.MyLinearMap@2aae9190] size now 4
Put One in [com.flatironschool.javacs.MyLinearMap@77468bd9, com.flatironschool.javacs.MyLinearMap@12bb4df8] size now 2
Put Two in [com.flatironschool.javacs.MyLinearMap@77468bd9, com.flatironschool.javacs.MyLinearMap@12bb4df8] size now 2
Put Three in [com.flatironschool.javacs.MyLinearMap@77468bd9, com.flatironschool.javacs.MyLinearMap@12bb4df8] size now 2
Size of maps: 4
Size of Oldmaps: 2
Put One in [com.flatironschool.javacs.MyLinearMap@4cc77c2e, com.flatironschool.javacs.MyLinearMap@7a7b0070, com.flatironschool.javacs.MyLinearMap@39a054a5, com.flatironschool.javacs.MyLinearMap@71bc1ae4] size now 4
Put Two in [com.flatironschool.javacs.MyLinearMap@4cc77c2e, com.flatironschool.javacs.MyLinearMap@7a7b0070, com.flatironschool.javacs.MyLinearMap@39a054a5, com.flatironschool.javacs.MyLinearMap@71bc1ae4] size now 4
Put Three in [com.flatironschool.javacs.MyLinearMap@4cc77c2e, com.flatironschool.javacs.MyLinearMap@7a7b0070, com.flatironschool.javacs.MyLinearMap@39a054a5, com.flatironschool.javacs.MyLinearMap@71bc1ae4] size now 4
Put null in [com.flatironschool.javacs.MyLinearMap@4cc77c2e, com.flatironschool.javacs.MyLinearMap@7a7b0070, com.flatironschool.javacs.MyLinearMap@39a054a5, com.flatironschool.javacs.MyLinearMap@71bc1ae4] size now 4
Put One in [com.flatironschool.javacs.MyLinearMap@2437c6dc, com.flatironschool.javacs.MyLinearMap@1f89ab83] size now 2
Put Two in [com.flatironschool.javacs.MyLinearMap@2437c6dc, com.flatironschool.javacs.MyLinearMap@1f89ab83] size now 2
Put Three in [com.flatironschool.javacs.MyLinearMap@2437c6dc, com.flatironschool.javacs.MyLinearMap@1f89ab83] size now 2
Size of maps: 4
Size of Oldmaps: 2
Put One in [com.flatironschool.javacs.MyLinearMap@e73f9ac, com.flatironschool.javacs.MyLinearMap@61064425, com.flatironschool.javacs.MyLinearMap@7b1d7fff, com.flatironschool.javacs.MyLinearMap@299a06ac] size now 4
Put Two in [com.flatironschool.javacs.MyLinearMap@e73f9ac, com.flatironschool.javacs.MyLinearMap@61064425, com.flatironschool.javacs.MyLinearMap@7b1d7fff, com.flatironschool.javacs.MyLinearMap@299a06ac] size now 4
Put Three in [com.flatironschool.javacs.MyLinearMap@e73f9ac, com.flatironschool.javacs.MyLinearMap@61064425, com.flatironschool.javacs.MyLinearMap@7b1d7fff, com.flatironschool.javacs.MyLinearMap@299a06ac] size now 4
Put null in [com.flatironschool.javacs.MyLinearMap@e73f9ac, com.flatironschool.javacs.MyLinearMap@61064425, com.flatironschool.javacs.MyLinearMap@7b1d7fff, com.flatironschool.javacs.MyLinearMap@299a06ac] size now 4
Put One in [com.flatironschool.javacs.MyLinearMap@6bc168e5, com.flatironschool.javacs.MyLinearMap@7b3300e5] size now 2
Put Two in [com.flatironschool.javacs.MyLinearMap@6bc168e5, com.flatironschool.javacs.MyLinearMap@7b3300e5] size now 2
Put Three in [com.flatironschool.javacs.MyLinearMap@6bc168e5, com.flatironschool.javacs.MyLinearMap@7b3300e5] size now 2
Size of maps: 4
Size of Oldmaps: 2
Put One in [com.flatironschool.javacs.MyLinearMap@2e5c649, com.flatironschool.javacs.MyLinearMap@136432db, com.flatironschool.javacs.MyLinearMap@7382f612, com.flatironschool.javacs.MyLinearMap@1055e4af] size now 4
Put Two in [com.flatironschool.javacs.MyLinearMap@2e5c649, com.flatironschool.javacs.MyLinearMap@136432db, com.flatironschool.javacs.MyLinearMap@7382f612, com.flatironschool.javacs.MyLinearMap@1055e4af] size now 4
Put Three in [com.flatironschool.javacs.MyLinearMap@2e5c649, com.flatironschool.javacs.MyLinearMap@136432db, com.flatironschool.javacs.MyLinearMap@7382f612, com.flatironschool.javacs.MyLinearMap@1055e4af] size now 4
Put null in [com.flatironschool.javacs.MyLinearMap@2e5c649, com.flatironschool.javacs.MyLinearMap@136432db, com.flatironschool.javacs.MyLinearMap@7382f612, com.flatironschool.javacs.MyLinearMap@1055e4af] size now 4
Put One in [com.flatironschool.javacs.MyLinearMap@e6ea0c6, com.flatironschool.javacs.MyLinearMap@6a38e57f] size now 2
Put Two in [com.flatironschool.javacs.MyLinearMap@e6ea0c6, com.flatironschool.javacs.MyLinearMap@6a38e57f] size now 2
Put Three in [com.flatironschool.javacs.MyLinearMap@e6ea0c6, com.flatironschool.javacs.MyLinearMap@6a38e57f] size now 2
Size of maps: 4
Size of Oldmaps: 2
Put One in [com.flatironschool.javacs.MyLinearMap@5577140b, com.flatironschool.javacs.MyLinearMap@1c6b6478, com.flatironschool.javacs.MyLinearMap@67f89fa3, com.flatironschool.javacs.MyLinearMap@4ac68d3e] size now 4
Put Two in [com.flatironschool.javacs.MyLinearMap@5577140b, com.flatironschool.javacs.MyLinearMap@1c6b6478, com.flatironschool.javacs.MyLinearMap@67f89fa3, com.flatironschool.javacs.MyLinearMap@4ac68d3e] size now 4
Put Three in [com.flatironschool.javacs.MyLinearMap@5577140b, com.flatironschool.javacs.MyLinearMap@1c6b6478, com.flatironschool.javacs.MyLinearMap@67f89fa3, com.flatironschool.javacs.MyLinearMap@4ac68d3e] size now 4
Put null in [com.flatironschool.javacs.MyLinearMap@5577140b, com.flatironschool.javacs.MyLinearMap@1c6b6478, com.flatironschool.javacs.MyLinearMap@67f89fa3, com.flatironschool.javacs.MyLinearMap@4ac68d3e] size now 4
Put Eight in [com.flatironschool.javacs.MyLinearMap@5577140b, com.flatironschool.javacs.MyLinearMap@1c6b6478, com.flatironschool.javacs.MyLinearMap@67f89fa3, com.flatironschool.javacs.MyLinearMap@4ac68d3e] size now 4
Size of maps: 8
Size of Oldmaps: 4
Put Two in [com.flatironschool.javacs.MyLinearMap@277c0f21, com.flatironschool.javacs.MyLinearMap@6073f712, com.flatironschool.javacs.MyLinearMap@43556938, com.flatironschool.javacs.MyLinearMap@3d04a311, com.flatironschool.javacs.MyLinearMap@7a46a697, com.flatironschool.javacs.MyLinearMap@5f205aa, com.flatironschool.javacs.MyLinearMap@6d86b085, com.flatironschool.javacs.MyLinearMap@75828a0f] size now 8
Put null in [com.flatironschool.javacs.MyLinearMap@277c0f21, com.flatironschool.javacs.MyLinearMap@6073f712, com.flatironschool.javacs.MyLinearMap@43556938, com.flatironschool.javacs.MyLinearMap@3d04a311, com.flatironschool.javacs.MyLinearMap@7a46a697, com.flatironschool.javacs.MyLinearMap@5f205aa, com.flatironschool.javacs.MyLinearMap@6d86b085, com.flatironschool.javacs.MyLinearMap@75828a0f] size now 8
Put One in [com.flatironschool.javacs.MyLinearMap@277c0f21, com.flatironschool.javacs.MyLinearMap@6073f712, com.flatironschool.javacs.MyLinearMap@43556938, com.flatironschool.javacs.MyLinearMap@3d04a311, com.flatironschool.javacs.MyLinearMap@7a46a697, com.flatironschool.javacs.MyLinearMap@5f205aa, com.flatironschool.javacs.MyLinearMap@6d86b085, com.flatironschool.javacs.MyLinearMap@75828a0f] size now 8
Put Three in [com.flatironschool.javacs.MyLinearMap@277c0f21, com.flatironschool.javacs.MyLinearMap@6073f712, com.flatironschool.javacs.MyLinearMap@43556938, com.flatironschool.javacs.MyLinearMap@3d04a311, com.flatironschool.javacs.MyLinearMap@7a46a697, com.flatironschool.javacs.MyLinearMap@5f205aa, com.flatironschool.javacs.MyLinearMap@6d86b085, com.flatironschool.javacs.MyLinearMap@75828a0f] size now 8
Put Eight in [com.flatironschool.javacs.MyLinearMap@277c0f21, com.flatironschool.javacs.MyLinearMap@6073f712, com.flatironschool.javacs.MyLinearMap@43556938, com.flatironschool.javacs.MyLinearMap@3d04a311, com.flatironschool.javacs.MyLinearMap@7a46a697, com.flatironschool.javacs.MyLinearMap@5f205aa, com.flatironschool.javacs.MyLinearMap@6d86b085, com.flatironschool.javacs.MyLinearMap@75828a0f] size now 8
Put Six in [com.flatironschool.javacs.MyLinearMap@277c0f21, com.flatironschool.javacs.MyLinearMap@6073f712, com.flatironschool.javacs.MyLinearMap@43556938, com.flatironschool.javacs.MyLinearMap@3d04a311, com.flatironschool.javacs.MyLinearMap@7a46a697, com.flatironschool.javacs.MyLinearMap@5f205aa, com.flatironschool.javacs.MyLinearMap@6d86b085, com.flatironschool.javacs.MyLinearMap@75828a0f] size now 8
Put Seven in [com.flatironschool.javacs.MyLinearMap@277c0f21, com.flatironschool.javacs.MyLinearMap@6073f712, com.flatironschool.javacs.MyLinearMap@43556938, com.flatironschool.javacs.MyLinearMap@3d04a311, com.flatironschool.javacs.MyLinearMap@7a46a697, com.flatironschool.javacs.MyLinearMap@5f205aa, com.flatironschool.javacs.MyLinearMap@6d86b085, com.flatironschool.javacs.MyLinearMap@75828a0f] size now 8
Put One in [com.flatironschool.javacs.MyLinearMap@2ff5659e, com.flatironschool.javacs.MyLinearMap@77afea7d] size now 2
Put Two in [com.flatironschool.javacs.MyLinearMap@2ff5659e, com.flatironschool.javacs.MyLinearMap@77afea7d] size now 2
Put Three in [com.flatironschool.javacs.MyLinearMap@2ff5659e, com.flatironschool.javacs.MyLinearMap@77afea7d] size now 2
Size of maps: 4
Size of Oldmaps: 2
Put One in [com.flatironschool.javacs.MyLinearMap@161cd475, com.flatironschool.javacs.MyLinearMap@532760d8, com.flatironschool.javacs.MyLinearMap@57fa26b7, com.flatironschool.javacs.MyLinearMap@5f8ed237] size now 4
Put Two in [com.flatironschool.javacs.MyLinearMap@161cd475, com.flatironschool.javacs.MyLinearMap@532760d8, com.flatironschool.javacs.MyLinearMap@57fa26b7, com.flatironschool.javacs.MyLinearMap@5f8ed237] size now 4
Put Three in [com.flatironschool.javacs.MyLinearMap@161cd475, com.flatironschool.javacs.MyLinearMap@532760d8, com.flatironschool.javacs.MyLinearMap@57fa26b7, com.flatironschool.javacs.MyLinearMap@5f8ed237] size now 4
Put null in [com.flatironschool.javacs.MyLinearMap@161cd475, com.flatironschool.javacs.MyLinearMap@532760d8, com.flatironschool.javacs.MyLinearMap@57fa26b7, com.flatironschool.javacs.MyLinearMap@5f8ed237] size now 4
Put One in [com.flatironschool.javacs.MyLinearMap@47089e5f, com.flatironschool.javacs.MyLinearMap@4141d797] size now 2
Put Two in [com.flatironschool.javacs.MyLinearMap@47089e5f, com.flatironschool.javacs.MyLinearMap@4141d797] size now 2
Put Three in [com.flatironschool.javacs.MyLinearMap@47089e5f, com.flatironschool.javacs.MyLinearMap@4141d797] size now 2
Size of maps: 4
Size of Oldmaps: 2
Put One in [com.flatironschool.javacs.MyLinearMap@68f7aae2, com.flatironschool.javacs.MyLinearMap@4f47d241, com.flatironschool.javacs.MyLinearMap@4c3e4790, com.flatironschool.javacs.MyLinearMap@38cccef] size now 4
Put Two in [com.flatironschool.javacs.MyLinearMap@68f7aae2, com.flatironschool.javacs.MyLinearMap@4f47d241, com.flatironschool.javacs.MyLinearMap@4c3e4790, com.flatironschool.javacs.MyLinearMap@38cccef] size now 4
Put Three in [com.flatironschool.javacs.MyLinearMap@68f7aae2, com.flatironschool.javacs.MyLinearMap@4f47d241, com.flatironschool.javacs.MyLinearMap@4c3e4790, com.flatironschool.javacs.MyLinearMap@38cccef] size now 4
Put null in [com.flatironschool.javacs.MyLinearMap@68f7aae2, com.flatironschool.javacs.MyLinearMap@4f47d241, com.flatironschool.javacs.MyLinearMap@4c3e4790, com.flatironschool.javacs.MyLinearMap@38cccef] size now 4
Put One in [com.flatironschool.javacs.MyLinearMap@27ddd392, com.flatironschool.javacs.MyLinearMap@19e1023e] size now 2
Put Two in [com.flatironschool.javacs.MyLinearMap@27ddd392, com.flatironschool.javacs.MyLinearMap@19e1023e] size now 2
Put Three in [com.flatironschool.javacs.MyLinearMap@27ddd392, com.flatironschool.javacs.MyLinearMap@19e1023e] size now 2
Size of maps: 4
Size of Oldmaps: 2
Put One in [com.flatironschool.javacs.MyLinearMap@7cef4e59, com.flatironschool.javacs.MyLinearMap@64b8f8f4, com.flatironschool.javacs.MyLinearMap@2db0f6b2, com.flatironschool.javacs.MyLinearMap@3cd1f1c8] size now 4
Put Two in [com.flatironschool.javacs.MyLinearMap@7cef4e59, com.flatironschool.javacs.MyLinearMap@64b8f8f4, com.flatironschool.javacs.MyLinearMap@2db0f6b2, com.flatironschool.javacs.MyLinearMap@3cd1f1c8] size now 4
Put Three in [com.flatironschool.javacs.MyLinearMap@7cef4e59, com.flatironschool.javacs.MyLinearMap@64b8f8f4, com.flatironschool.javacs.MyLinearMap@2db0f6b2, com.flatironschool.javacs.MyLinearMap@3cd1f1c8] size now 4
Put null in [com.flatironschool.javacs.MyLinearMap@7cef4e59, com.flatironschool.javacs.MyLinearMap@64b8f8f4, com.flatironschool.javacs.MyLinearMap@2db0f6b2, com.flatironschool.javacs.MyLinearMap@3cd1f1c8] size now 4
]]></system-out>
  <system-err><![CDATA[]]></system-err>
</testsuite>
